{"/Users/adriacarrera/GIT/base-project/packages/frontend/src/module/auth/AuthState.ts": {"path":"/Users/adriacarrera/GIT/base-project/packages/frontend/src/module/auth/AuthState.ts","statementMap":{"0":{"start":{"line":1,"column":0},"end":{"line":1,"column":30}},"1":{"start":{"line":8,"column":13},"end":{"line":11,"column":3}}},"fnMap":{},"branchMap":{},"s":{"0":4,"1":4},"f":{},"b":{}}
,"/Users/adriacarrera/GIT/base-project/packages/frontend/src/module/auth/AuthTokenStorage.ts": {"path":"/Users/adriacarrera/GIT/base-project/packages/frontend/src/module/auth/AuthTokenStorage.ts","statementMap":{"0":{"start":{"line":1,"column":0},"end":{"line":1,"column":78}},"1":{"start":{"line":3,"column":13},"end":{"line":7,"column":5}},"2":{"start":{"line":5,"column":8},"end":{"line":5,"column":28}}},"fnMap":{"0":{"name":"(anonymous_0)","decl":{"start":{"line":4,"column":4},"end":{"line":4,"column":null}},"loc":{"start":{"line":4,"column":4},"end":{"line":6,"column":5}}}},"branchMap":{},"s":{"0":5,"1":5,"2":5},"f":{"0":5},"b":{}}
,"/Users/adriacarrera/GIT/base-project/packages/frontend/src/module/auth/hook/useAuth.ts": {"path":"/Users/adriacarrera/GIT/base-project/packages/frontend/src/module/auth/hook/useAuth.ts","statementMap":{"0":{"start":{"line":1,"column":0},"end":{"line":1,"column":61}},"1":{"start":{"line":2,"column":0},"end":{"line":2,"column":40}},"2":{"start":{"line":3,"column":0},"end":{"line":3,"column":64}},"3":{"start":{"line":11,"column":30},"end":{"line":11,"column":55}},"4":{"start":{"line":12,"column":19},"end":{"line":15,"column":5}},"5":{"start":{"line":13,"column":8},"end":{"line":13,"column":33}},"6":{"start":{"line":14,"column":8},"end":{"line":14,"column":56}},"7":{"start":{"line":16,"column":4},"end":{"line":16,"column":29}},"8":{"start":{"line":10,"column":0},"end":{"line":10,"column":16}}},"fnMap":{"0":{"name":"useAuth","decl":{"start":{"line":10,"column":16},"end":{"line":10,"column":23}},"loc":{"start":{"line":10,"column":23},"end":{"line":17,"column":1}}},"1":{"name":"(anonymous_1)","decl":{"start":{"line":12,"column":19},"end":{"line":12,"column":28}},"loc":{"start":{"line":12,"column":30},"end":{"line":15,"column":5}}}},"branchMap":{},"s":{"0":2,"1":2,"2":2,"3":11,"4":11,"5":2,"6":2,"7":11,"8":2},"f":{"0":11,"1":2},"b":{}}
,"/Users/adriacarrera/GIT/base-project/packages/frontend/src/module/auth/query/useLogin.ts": {"path":"/Users/adriacarrera/GIT/base-project/packages/frontend/src/module/auth/query/useLogin.ts","statementMap":{"0":{"start":{"line":1,"column":0},"end":{"line":1,"column":61}},"1":{"start":{"line":2,"column":0},"end":{"line":2,"column":64}},"2":{"start":{"line":3,"column":0},"end":{"line":3,"column":43}},"3":{"start":{"line":4,"column":0},"end":{"line":4,"column":50}},"4":{"start":{"line":5,"column":0},"end":{"line":5,"column":85}},"5":{"start":{"line":7,"column":24},"end":{"line":16,"column":1}},"6":{"start":{"line":8,"column":25},"end":{"line":8,"column":53}},"7":{"start":{"line":10,"column":4},"end":{"line":15,"column":7}},"8":{"start":{"line":11,"column":44},"end":{"line":14,"column":null}},"9":{"start":{"line":12,"column":12},"end":{"line":12,"column":64}},"10":{"start":{"line":13,"column":12},"end":{"line":13,"column":51}},"11":{"start":{"line":7,"column":13},"end":{"line":7,"column":24}}},"fnMap":{"0":{"name":"(anonymous_7)","decl":{"start":{"line":7,"column":24},"end":{"line":7,"column":84}},"loc":{"start":{"line":7,"column":86},"end":{"line":16,"column":1}}},"1":{"name":"(anonymous_8)","decl":{"start":{"line":11,"column":19},"end":{"line":11,"column":26}},"loc":{"start":{"line":11,"column":44},"end":{"line":14,"column":null}}},"2":{"name":"(anonymous_9)","decl":{"start":{"line":11,"column":44},"end":{"line":11,"column":null}},"loc":{"start":{"line":11,"column":44},"end":{"line":14,"column":9}}}},"branchMap":{},"s":{"0":2,"1":2,"2":2,"3":2,"4":2,"5":2,"6":14,"7":14,"8":2,"9":2,"10":2,"11":2},"f":{"0":14,"1":2,"2":2},"b":{}}
,"/Users/adriacarrera/GIT/base-project/packages/frontend/src/module/common/component/input/Button/Button.tsx": {"path":"/Users/adriacarrera/GIT/base-project/packages/frontend/src/module/common/component/input/Button/Button.tsx","statementMap":{"0":{"start":{"line":1,"column":0},"end":{"line":1,"column":80}},"1":{"start":{"line":3,"column":0},"end":{"line":3,"column":26}}},"fnMap":{},"branchMap":{},"s":{"0":2,"1":2},"f":{},"b":{}}
,"/Users/adriacarrera/GIT/base-project/packages/frontend/src/module/common/component/layout/BasePage/BasePage.tsx": {"path":"/Users/adriacarrera/GIT/base-project/packages/frontend/src/module/common/component/layout/BasePage/BasePage.tsx","statementMap":{"0":{"start":{"line":2,"column":0},"end":{"line":2,"column":52}},"1":{"start":{"line":3,"column":0},"end":{"line":3,"column":52}},"2":{"start":{"line":4,"column":0},"end":{"line":4,"column":53}},"3":{"start":{"line":11,"column":17},"end":{"line":17,"column":null}},"4":{"start":{"line":12,"column":4},"end":{"line":16,"column":null}},"5":{"start":{"line":20,"column":0},"end":{"line":20,"column":24}}},"fnMap":{"0":{"name":"(anonymous_1)","decl":{"start":{"line":11,"column":17},"end":{"line":11,"column":18}},"loc":{"start":{"line":12,"column":4},"end":{"line":16,"column":null}}}},"branchMap":{"0":{"loc":{"start":{"line":11,"column":20},"end":{"line":11,"column":40}},"type":"default-arg","locations":[{"start":{"line":11,"column":36},"end":{"line":11,"column":40}}]},"1":{"loc":{"start":{"line":14,"column":9},"end":{"line":14,"column":37}},"type":"binary-expr","locations":[{"start":{"line":14,"column":9},"end":{"line":14,"column":22}},{"start":{"line":14,"column":26},"end":{"line":14,"column":37}}]}},"s":{"0":1,"1":1,"2":1,"3":1,"4":8,"5":1},"f":{"0":8},"b":{"0":[8],"1":[8,8]}}
,"/Users/adriacarrera/GIT/base-project/packages/frontend/src/module/common/component/navigation/Footer/Footer.tsx": {"path":"/Users/adriacarrera/GIT/base-project/packages/frontend/src/module/common/component/navigation/Footer/Footer.tsx","statementMap":{"0":{"start":{"line":5,"column":15},"end":{"line":5,"column":99}},"1":{"start":{"line":5,"column":60},"end":{"line":5,"column":99}},"2":{"start":{"line":7,"column":0},"end":{"line":7,"column":22}}},"fnMap":{"0":{"name":"(anonymous_0)","decl":{"start":{"line":5,"column":15},"end":{"line":5,"column":16}},"loc":{"start":{"line":5,"column":60},"end":{"line":5,"column":99}}}},"branchMap":{},"s":{"0":1,"1":8,"2":1},"f":{"0":8},"b":{}}
,"/Users/adriacarrera/GIT/base-project/packages/frontend/src/module/common/component/navigation/Header/Header.tsx": {"path":"/Users/adriacarrera/GIT/base-project/packages/frontend/src/module/common/component/navigation/Header/Header.tsx","statementMap":{"0":{"start":{"line":1,"column":0},"end":{"line":1,"column":30}},"1":{"start":{"line":2,"column":0},"end":{"line":2,"column":39}},"2":{"start":{"line":3,"column":0},"end":{"line":3,"column":61}},"3":{"start":{"line":9,"column":19},"end":{"line":11,"column":2}},"4":{"start":{"line":13,"column":15},"end":{"line":18,"column":null}},"5":{"start":{"line":14,"column":4},"end":{"line":17,"column":null}},"6":{"start":{"line":21,"column":0},"end":{"line":21,"column":22}}},"fnMap":{"0":{"name":"(anonymous_1)","decl":{"start":{"line":13,"column":15},"end":{"line":13,"column":16}},"loc":{"start":{"line":14,"column":4},"end":{"line":17,"column":null}}}},"branchMap":{},"s":{"0":1,"1":1,"2":1,"3":1,"4":1,"5":8,"6":1},"f":{"0":8},"b":{}}
,"/Users/adriacarrera/GIT/base-project/packages/frontend/src/module/common/query/useLoad.ts": {"path":"/Users/adriacarrera/GIT/base-project/packages/frontend/src/module/common/query/useLoad.ts","statementMap":{"0":{"start":{"line":1,"column":0},"end":{"line":1,"column":43}},"1":{"start":{"line":2,"column":0},"end":{"line":2,"column":50}},"2":{"start":{"line":3,"column":0},"end":{"line":3,"column":64}},"3":{"start":{"line":4,"column":0},"end":{"line":4,"column":44}},"4":{"start":{"line":7,"column":34},"end":{"line":7,"column":48}},"5":{"start":{"line":8,"column":25},"end":{"line":8,"column":53}},"6":{"start":{"line":10,"column":4},"end":{"line":18,"column":11}},"7":{"start":{"line":11,"column":22},"end":{"line":11,"column":44}},"8":{"start":{"line":12,"column":8},"end":{"line":12,"column":59}},"9":{"start":{"line":12,"column":19},"end":{"line":12,"column":59}},"10":{"start":{"line":16,"column":8},"end":{"line":16,"column":26}},"11":{"start":{"line":20,"column":4},"end":{"line":20,"column":19}},"12":{"start":{"line":6,"column":0},"end":{"line":6,"column":16}}},"fnMap":{"0":{"name":"useLoad","decl":{"start":{"line":6,"column":16},"end":{"line":6,"column":23}},"loc":{"start":{"line":6,"column":23},"end":{"line":21,"column":1}}},"1":{"name":"(anonymous_1)","decl":{"start":{"line":10,"column":14},"end":{"line":10,"column":17}},"loc":{"start":{"line":10,"column":19},"end":{"line":18,"column":5}}}},"branchMap":{"0":{"loc":{"start":{"line":12,"column":8},"end":{"line":12,"column":59}},"type":"if","locations":[{"start":{"line":12,"column":8},"end":{"line":12,"column":59}}]}},"s":{"0":1,"1":1,"2":1,"3":1,"4":5,"5":5,"6":5,"7":2,"8":2,"9":1,"10":2,"11":5,"12":1},"f":{"0":5,"1":2},"b":{"0":[1]}}
,"/Users/adriacarrera/GIT/base-project/packages/frontend/src/module/dashboard/DashboardPage.tsx": {"path":"/Users/adriacarrera/GIT/base-project/packages/frontend/src/module/dashboard/DashboardPage.tsx","statementMap":{"0":{"start":{"line":1,"column":0},"end":{"line":1,"column":35}},"1":{"start":{"line":2,"column":0},"end":{"line":2,"column":72}},"2":{"start":{"line":3,"column":0},"end":{"line":3,"column":66}},"3":{"start":{"line":4,"column":0},"end":{"line":4,"column":34}},"4":{"start":{"line":5,"column":0},"end":{"line":5,"column":54}},"5":{"start":{"line":6,"column":0},"end":{"line":6,"column":65}},"6":{"start":{"line":7,"column":0},"end":{"line":7,"column":51}},"7":{"start":{"line":10,"column":18},"end":{"line":10,"column":28}},"8":{"start":{"line":14,"column":8},"end":{"line":14,"column":17}},"9":{"start":{"line":16,"column":4},"end":{"line":52,"column":6}},"10":{"start":{"line":34,"column":32},"end":{"line":34,"column":114}},"11":{"start":{"line":9,"column":0},"end":{"line":9,"column":24}}},"fnMap":{"0":{"name":"DashboardPage","decl":{"start":{"line":9,"column":24},"end":{"line":9,"column":37}},"loc":{"start":{"line":9,"column":37},"end":{"line":53,"column":1}}},"1":{"name":"(anonymous_2)","decl":{"start":{"line":34,"column":25},"end":{"line":34,"column":28}},"loc":{"start":{"line":34,"column":32},"end":{"line":34,"column":114}}}},"branchMap":{"0":{"loc":{"start":{"line":26,"column":57},"end":{"line":26,"column":68}},"type":"binary-expr","locations":[{"start":{"line":26,"column":57},"end":{"line":26,"column":62}},{"start":{"line":26,"column":66},"end":{"line":26,"column":68}}]},"1":{"loc":{"start":{"line":34,"column":32},"end":{"line":34,"column":114}},"type":"cond-expr","locations":[{"start":{"line":34,"column":44},"end":{"line":34,"column":103}},{"start":{"line":34,"column":106},"end":{"line":34,"column":114}}]},"2":{"loc":{"start":{"line":39,"column":17},"end":{"line":39,"column":84}},"type":"cond-expr","locations":[{"start":{"line":39,"column":30},"end":{"line":39,"column":71}},{"start":{"line":39,"column":75},"end":{"line":39,"column":84}}]},"3":{"loc":{"start":{"line":39,"column":30},"end":{"line":39,"column":71}},"type":"cond-expr","locations":[{"start":{"line":39,"column":48},"end":{"line":39,"column":60}},{"start":{"line":39,"column":63},"end":{"line":39,"column":71}}]},"4":{"loc":{"start":{"line":41,"column":13},"end":{"line":49,"column":null}},"type":"binary-expr","locations":[{"start":{"line":41,"column":13},"end":{"line":41,"column":24}},{"start":{"line":42,"column":16},"end":{"line":48,"column":null}}]}},"s":{"0":1,"1":1,"2":1,"3":1,"4":1,"5":1,"6":1,"7":8,"8":8,"9":8,"10":3,"11":1},"f":{"0":8,"1":3},"b":{"0":[8,6],"1":[2,1],"2":[6,2],"3":[2,4],"4":[8,1]}}
,"/Users/adriacarrera/GIT/base-project/packages/frontend/src/query/react-query-overrides.ts": {"path":"/Users/adriacarrera/GIT/base-project/packages/frontend/src/query/react-query-overrides.ts","statementMap":{"0":{"start":{"line":1,"column":0},"end":{"line":1,"column":null}},"1":{"start":{"line":31,"column":55},"end":{"line":34,"column":null}},"2":{"start":{"line":32,"column":4},"end":{"line":34,"column":null}},"3":{"start":{"line":33,"column":55},"end":{"line":33,"column":104}},"4":{"start":{"line":41,"column":35},"end":{"line":41,"column":51}},"5":{"start":{"line":40,"column":0},"end":{"line":40,"column":28}}},"fnMap":{"0":{"name":"(anonymous_4)","decl":{"start":{"line":31,"column":55},"end":{"line":31,"column":56}},"loc":{"start":{"line":32,"column":4},"end":{"line":34,"column":null}}},"1":{"name":"(anonymous_5)","decl":{"start":{"line":33,"column":26},"end":{"line":33,"column":27}},"loc":{"start":{"line":33,"column":55},"end":{"line":33,"column":104}}}},"branchMap":{"0":{"loc":{"start":{"line":33,"column":55},"end":{"line":33,"column":104}},"type":"cond-expr","locations":[{"start":{"line":33,"column":77},"end":{"line":33,"column":92}},{"start":{"line":33,"column":95},"end":{"line":33,"column":104}}]}},"s":{"0":1,"1":1,"2":4,"3":6,"4":1,"5":1},"f":{"0":4,"1":6},"b":{"0":[3,3]}}
}
