TN:
SF:src/module/auth/AuthState.ts
FNF:0
FNH:0
DA:1,4
DA:8,4
LF:2
LH:2
BRF:0
BRH:0
end_of_record
TN:
SF:src/module/auth/AuthTokenStorage.ts
FN:4,(anonymous_0)
FNF:1
FNH:1
FNDA:5,(anonymous_0)
DA:1,5
DA:3,5
DA:5,5
LF:3
LH:3
BRF:0
BRH:0
end_of_record
TN:
SF:src/module/auth/hook/useAuth.ts
FN:10,useAuth
FN:12,(anonymous_1)
FNF:2
FNH:2
FNDA:11,useAuth
FNDA:2,(anonymous_1)
DA:1,2
DA:2,2
DA:3,2
DA:10,2
DA:11,11
DA:12,11
DA:13,2
DA:14,2
DA:16,11
LF:9
LH:9
BRF:0
BRH:0
end_of_record
TN:
SF:src/module/auth/query/useLogin.ts
FN:7,(anonymous_7)
FN:11,(anonymous_8)
FN:11,(anonymous_9)
FNF:3
FNH:3
FNDA:14,(anonymous_7)
FNDA:2,(anonymous_8)
FNDA:2,(anonymous_9)
DA:1,2
DA:2,2
DA:3,2
DA:4,2
DA:5,2
DA:7,2
DA:8,14
DA:10,14
DA:11,2
DA:12,2
DA:13,2
LF:11
LH:11
BRF:0
BRH:0
end_of_record
TN:
SF:src/module/common/component/input/Button/Button.tsx
FNF:0
FNH:0
DA:1,2
DA:3,2
LF:2
LH:2
BRF:0
BRH:0
end_of_record
TN:
SF:src/module/common/component/layout/BasePage/BasePage.tsx
FN:11,(anonymous_1)
FNF:1
FNH:1
FNDA:8,(anonymous_1)
DA:2,1
DA:3,1
DA:4,1
DA:11,1
DA:12,8
DA:20,1
LF:6
LH:6
BRDA:11,0,0,8
BRDA:14,1,0,8
BRDA:14,1,1,8
BRF:3
BRH:3
end_of_record
TN:
SF:src/module/common/component/navigation/Footer/Footer.tsx
FN:5,(anonymous_0)
FNF:1
FNH:1
FNDA:8,(anonymous_0)
DA:5,8
DA:7,1
LF:2
LH:2
BRF:0
BRH:0
end_of_record
TN:
SF:src/module/common/component/navigation/Header/Header.tsx
FN:13,(anonymous_1)
FNF:1
FNH:1
FNDA:8,(anonymous_1)
DA:1,1
DA:2,1
DA:3,1
DA:9,1
DA:13,1
DA:14,8
DA:21,1
LF:7
LH:7
BRF:0
BRH:0
end_of_record
TN:
SF:src/module/common/query/useLoad.ts
FN:6,useLoad
FN:10,(anonymous_1)
FNF:2
FNH:2
FNDA:5,useLoad
FNDA:2,(anonymous_1)
DA:1,1
DA:2,1
DA:3,1
DA:4,1
DA:6,1
DA:7,5
DA:8,5
DA:10,5
DA:11,2
DA:12,2
DA:16,2
DA:20,5
LF:12
LH:12
BRDA:12,0,0,1
BRF:1
BRH:1
end_of_record
TN:
SF:src/module/dashboard/DashboardPage.tsx
FN:9,DashboardPage
FN:34,(anonymous_2)
FNF:2
FNH:2
FNDA:8,DashboardPage
FNDA:3,(anonymous_2)
DA:1,1
DA:2,1
DA:3,1
DA:4,1
DA:5,1
DA:6,1
DA:7,1
DA:9,1
DA:10,8
DA:14,8
DA:16,8
DA:34,3
LF:12
LH:12
BRDA:26,0,0,8
BRDA:26,0,1,6
BRDA:34,1,0,2
BRDA:34,1,1,1
BRDA:39,2,0,6
BRDA:39,2,1,2
BRDA:39,3,0,2
BRDA:39,3,1,4
BRDA:41,4,0,8
BRDA:41,4,1,1
BRF:10
BRH:10
end_of_record
TN:
SF:src/query/react-query-overrides.ts
FN:31,(anonymous_4)
FN:33,(anonymous_5)
FNF:2
FNH:2
FNDA:4,(anonymous_4)
FNDA:6,(anonymous_5)
DA:1,1
DA:31,1
DA:32,4
DA:33,6
DA:40,1
DA:41,1
LF:6
LH:6
BRDA:33,0,0,3
BRDA:33,0,1,3
BRF:2
BRH:2
end_of_record
